# JRE version: Java(TM) SE Runtime Environment (8.0_251-b08) (build 1.8.0_251-b08)
# Java VM: Java HotSpot(TM) 64-Bit Server VM (25.251-b08 mixed mode bsd-amd64 compressed oops)
Heap:
 PSYoungGen      total 539136K, used 303415K [0x000000076ab00000, 0x000000078d980000, 0x00000007c0000000)
  eden space 510464K, 55% used [0x000000076ab00000,0x000000077bd979a8,0x0000000789d80000)
  from space 28672K, 77% used [0x000000078bd80000,0x000000078d3362c0,0x000000078d980000)
  to   space 30720K, 0% used [0x0000000789d80000,0x0000000789d80000,0x000000078bb80000)
 ParOldGen       total 171520K, used 16596K [0x00000006c0000000, 0x00000006ca780000, 0x000000076ab00000)
  object space 171520K, 9% used [0x00000006c0000000,0x00000006c10352f0,0x00000006ca780000)
 Metaspace       used 48331K, capacity 51886K, committed 52184K, reserved 1093632K
  class space    used 6377K, capacity 7012K, committed 7128K, reserved 1048576K
GC Heap History (10 events):
Event: 45.081 GC heap before
{Heap before GC invocations=16 (full 2):
 PSYoungGen      total 350720K, used 349766K [0x000000076ab00000, 0x0000000785f80000, 0x00000007c0000000)
  eden space 330752K, 100% used [0x000000076ab00000,0x000000077ee00000,0x000000077ee00000)
  from space 19968K, 95% used [0x000000077ee00000,0x0000000780091a10,0x0000000780180000)
  to   space 22016K, 0% used [0x0000000784a00000,0x0000000784a00000,0x0000000785f80000)
 ParOldGen       total 171520K, used 16564K [0x00000006c0000000, 0x00000006ca780000, 0x000000076ab00000)
  object space 171520K, 9% used [0x00000006c0000000,0x00000006c102d2f0,0x00000006ca780000)
 Metaspace       used 48323K, capacity 51886K, committed 52184K, reserved 1093632K
  class space    used 6376K, capacity 7012K, committed 7128K, reserved 1048576K
Event: 45.146 GC heap after
Heap after GC invocations=16 (full 2):
 PSYoungGen      total 419840K, used 20536K [0x000000076ab00000, 0x0000000785f00000, 0x00000007c0000000)
  eden space 398336K, 0% used [0x000000076ab00000,0x000000076ab00000,0x0000000783000000)
  from space 21504K, 95% used [0x0000000784a00000,0x0000000785e0e0a0,0x0000000785f00000)
  to   space 24064K, 0% used [0x0000000783000000,0x0000000783000000,0x0000000784780000)
 ParOldGen       total 171520K, used 16572K [0x00000006c0000000, 0x00000006ca780000, 0x000000076ab00000)
  object space 171520K, 9% used [0x00000006c0000000,0x00000006c102f2f0,0x00000006ca780000)
 Metaspace       used 48323K, capacity 51886K, committed 52184K, reserved 1093632K
  class space    used 6376K, capacity 7012K, committed 7128K, reserved 1048576K
}
Event: 58.118 GC heap before
{Heap before GC invocations=17 (full 2):
 PSYoungGen      total 419840K, used 418872K [0x000000076ab00000, 0x0000000785f00000, 0x00000007c0000000)
  eden space 398336K, 100% used [0x000000076ab00000,0x0000000783000000,0x0000000783000000)
  from space 21504K, 95% used [0x0000000784a00000,0x0000000785e0e0a0,0x0000000785f00000)
  to   space 24064K, 0% used [0x0000000783000000,0x0000000783000000,0x0000000784780000)
 ParOldGen       total 171520K, used 16572K [0x00000006c0000000, 0x00000006ca780000, 0x000000076ab00000)
  object space 171520K, 9% used [0x00000006c0000000,0x00000006c102f2f0,0x00000006ca780000)
 Metaspace       used 48323K, capacity 51886K, committed 52184K, reserved 1093632K
  class space    used 6376K, capacity 7012K, committed 7128K, reserved 1048576K
Event: 58.197 GC heap after
Heap after GC invocations=17 (full 2):
 PSYoungGen      total 422400K, used 22055K [0x000000076ab00000, 0x000000078ac80000, 0x00000007c0000000)
  eden space 398336K, 0% used [0x000000076ab00000,0x000000076ab00000,0x0000000783000000)
  from space 24064K, 91% used [0x0000000783000000,0x0000000784589e70,0x0000000784780000)
  to   space 26112K, 0% used [0x0000000789300000,0x0000000789300000,0x000000078ac80000)
 ParOldGen       total 171520K, used 16572K [0x00000006c0000000, 0x00000006ca780000, 0x000000076ab00000)
  object space 171520K, 9% used [0x00000006c0000000,0x00000006c102f2f0,0x00000006ca780000)
 Metaspace       used 48323K, capacity 51886K, committed 52184K, reserved 1093632K
  class space    used 6376K, capacity 7012K, committed 7128K, reserved 1048576K
}
Event: 71.980 GC heap before
{Heap before GC invocations=18 (full 2):
 PSYoungGen      total 422400K, used 420391K [0x000000076ab00000, 0x000000078ac80000, 0x00000007c0000000)
  eden space 398336K, 100% used [0x000000076ab00000,0x0000000783000000,0x0000000783000000)
  from space 24064K, 91% used [0x0000000783000000,0x0000000784589e70,0x0000000784780000)
  to   space 26112K, 0% used [0x0000000789300000,0x0000000789300000,0x000000078ac80000)
 ParOldGen       total 171520K, used 16572K [0x00000006c0000000, 0x00000006ca780000, 0x000000076ab00000)
  object space 171520K, 9% used [0x00000006c0000000,0x00000006c102f2f0,0x00000006ca780000)
 Metaspace       used 48330K, capacity 51886K, committed 52184K, reserved 1093632K
  class space    used 6377K, capacity 7012K, committed 7128K, reserved 1048576K
Event: 72.042 GC heap after
Heap after GC invocations=18 (full 2):
 PSYoungGen      total 490496K, used 22217K [0x000000076ab00000, 0x000000078aa00000, 0x00000007c0000000)
  eden space 466944K, 0% used [0x000000076ab00000,0x000000076ab00000,0x0000000787300000)
  from space 23552K, 94% used [0x0000000789300000,0x000000078a8b2710,0x000000078aa00000)
  to   space 28160K, 0% used [0x0000000787300000,0x0000000787300000,0x0000000788e80000)
 ParOldGen       total 171520K, used 16580K [0x00000006c0000000, 0x00000006ca780000, 0x000000076ab00000)
  object space 171520K, 9% used [0x00000006c0000000,0x00000006c10312f0,0x00000006ca780000)
 Metaspace       used 48330K, capacity 51886K, committed 52184K, reserved 1093632K
  class space    used 6377K, capacity 7012K, committed 7128K, reserved 1048576K
}
Event: 92.771 GC heap before
{Heap before GC invocations=19 (full 2):
 PSYoungGen      total 490496K, used 489161K [0x000000076ab00000, 0x000000078aa00000, 0x00000007c0000000)
  eden space 466944K, 100% used [0x000000076ab00000,0x0000000787300000,0x0000000787300000)
  from space 23552K, 94% used [0x0000000789300000,0x000000078a8b2710,0x000000078aa00000)
  to   space 28160K, 0% used [0x0000000787300000,0x0000000787300000,0x0000000788e80000)
 ParOldGen       total 171520K, used 16580K [0x00000006c0000000, 0x00000006ca780000, 0x000000076ab00000)
  object space 171520K, 9% used [0x00000006c0000000,0x00000006c10312f0,0x00000006ca780000)
 Metaspace       used 48331K, capacity 51886K, committed 52184K, reserved 1093632K
  class space    used 6377K, capacity 7012K, committed 7128K, reserved 1048576K
Event: 92.829 GC heap after
Heap after GC invocations=19 (full 2):
 PSYoungGen      total 495104K, used 22185K [0x000000076ab00000, 0x000000078da00000, 0x00000007c0000000)
  eden space 466944K, 0% used [0x000000076ab00000,0x000000076ab00000,0x0000000787300000)
  from space 28160K, 78% used [0x0000000787300000,0x00000007888aa4f0,0x0000000788e80000)
  to   space 29184K, 0% used [0x000000078bd80000,0x000000078bd80000,0x000000078da00000)
 ParOldGen       total 171520K, used 16588K [0x00000006c0000000, 0x00000006ca780000, 0x000000076ab00000)
  object space 171520K, 9% used [0x00000006c0000000,0x00000006c10332f0,0x00000006ca780000)
 Metaspace       used 48331K, capacity 51886K, committed 52184K, reserved 1093632K
  class space    used 6377K, capacity 7012K, committed 7128K, reserved 1048576K
}
Event: 107.807 GC heap before
{Heap before GC invocations=20 (full 2):
 PSYoungGen      total 495104K, used 489129K [0x000000076ab00000, 0x000000078da00000, 0x00000007c0000000)
  eden space 466944K, 100% used [0x000000076ab00000,0x0000000787300000,0x0000000787300000)
  from space 28160K, 78% used [0x0000000787300000,0x00000007888aa4f0,0x0000000788e80000)
  to   space 29184K, 0% used [0x000000078bd80000,0x000000078bd80000,0x000000078da00000)
 ParOldGen       total 171520K, used 16588K [0x00000006c0000000, 0x00000006ca780000, 0x000000076ab00000)
  object space 171520K, 9% used [0x00000006c0000000,0x00000006c10332f0,0x00000006ca780000)
 Metaspace       used 48331K, capacity 51886K, committed 52184K, reserved 1093632K
  class space    used 6377K, capacity 7012K, committed 7128K, reserved 1048576K
Event: 107.868 GC heap after
Heap after GC invocations=20 (full 2):
 PSYoungGen      total 539136K, used 22232K [0x000000076ab00000, 0x000000078d980000, 0x00000007c0000000)
  eden space 510464K, 0% used [0x000000076ab00000,0x000000076ab00000,0x0000000789d80000)
  from space 28672K, 77% used [0x000000078bd80000,0x000000078d3362c0,0x000000078d980000)
  to   space 30720K, 0% used [0x0000000789d80000,0x0000000789d80000,0x000000078bb80000)
 ParOldGen       total 171520K, used 16596K [0x00000006c0000000, 0x00000006ca780000, 0x000000076ab00000)
  object space 171520K, 9% used [0x00000006c0000000,0x00000006c10352f0,0x00000006ca780000)
 Metaspace       used 48331K, capacity 51886K, committed 52184K, reserved 1093632K
  class space    used 6377K, capacity 7012K, committed 7128K, reserved 1048576K
}

